Using pre-set license
Built from '2020.3/staging' branch; Version is '2020.3.0f1 (c7b5465681fb) revision 13088070'; Using compiler version '192528614'; Build Type 'Release'
OS: 'Windows 10 Pro; OS build 19042.928; Version 2009; 64bit' Language: 'de' Physical Memory: 16324 MB
BatchMode: 1, IsHumanControllingUs: 0, StartBugReporterOnCrash: 0, Is64bit: 1, IsPro: 0

 COMMAND LINE ARGUMENTS:
C:\Program Files\Unity\Hub\Editor\2020.3.0f1\Editor\Unity.exe
-adb2
-batchMode
-noUpm
-name
AssetImportWorker0
-projectPath
C:/Users/Jasch/Projects/Unity/Projekt Too Many Bits/Unity/Too Many Bits
-logFile
Logs/AssetImportWorker0.log
-srvPort
50372
Successfully changed project path to: C:/Users/Jasch/Projects/Unity/Projekt Too Many Bits/Unity/Too Many Bits
C:/Users/Jasch/Projects/Unity/Projekt Too Many Bits/Unity/Too Many Bits
Using Asset Import Pipeline V2.
Refreshing native plugins compatible for Editor in 36.23 ms, found 1 plugins.
Preloading 0 native plugins for Editor in 0.00 ms.
Initialize engine version: 2020.3.0f1 (c7b5465681fb)
[Subsystems] Discovering subsystems at path C:/Program Files/Unity/Hub/Editor/2020.3.0f1/Editor/Data/Resources/UnitySubsystems
[Subsystems] Discovering subsystems at path C:/Users/Jasch/Projects/Unity/Projekt Too Many Bits/Unity/Too Many Bits/Assets
GfxDevice: creating device client; threaded=0
Direct3D:
    Version:  Direct3D 11.0 [level 11.0]
    Renderer: NVIDIA GeForce GTX 680 (ID=0x1180)
    Vendor:   
    VRAM:     4052 MB
    Driver:   27.21.14.6611
Initialize mono
Mono path[0] = 'C:/Program Files/Unity/Hub/Editor/2020.3.0f1/Editor/Data/Managed'
Mono path[1] = 'C:/Program Files/Unity/Hub/Editor/2020.3.0f1/Editor/Data/MonoBleedingEdge/lib/mono/unityjit'
Mono config path = 'C:/Program Files/Unity/Hub/Editor/2020.3.0f1/Editor/Data/MonoBleedingEdge/etc'
Using monoOptions --debugger-agent=transport=dt_socket,embedding=1,server=y,suspend=n,address=127.0.0.1:56616
Begin MonoManager ReloadAssembly
Registering precompiled unity dll's ...
Register platform support module: C:/Program Files/Unity/Hub/Editor/2020.3.0f1/Editor/Data/PlaybackEngines/WindowsStandaloneSupport/UnityEditor.WindowsStandalone.Extensions.dll
Registered in 0.002489 seconds.
Native extension for WindowsStandalone target not found
Refreshing native plugins compatible for Editor in 34.55 ms, found 1 plugins.
Preloading 0 native plugins for Editor in 0.00 ms.
Invoked RoslynAnalysisRunner static constructor.
RoslynAnalysisRunner will not be running.
RoslynAnalysisRunner has terminated.
Mono: successfully reloaded assembly
- Completed reload, in  1.171 seconds
Platform modules already initialized, skipping
Registering precompiled user dll's ...
Registered in 0.001054 seconds.
Begin MonoManager ReloadAssembly
Native extension for WindowsStandalone target not found
Refreshing native plugins compatible for Editor in 35.11 ms, found 1 plugins.
Preloading 0 native plugins for Editor in 0.00 ms.
Invoked RoslynAnalysisRunner static constructor.
RoslynAnalysisRunner will not be running.
RoslynAnalysisRunner has terminated.
Mono: successfully reloaded assembly
- Completed reload, in  0.979 seconds
Platform modules already initialized, skipping
========================================================================
Worker process is ready to serve import requests
Launched and connected shader compiler UnityShaderCompiler.exe after 0.04 seconds
Refreshing native plugins compatible for Editor in 0.39 ms, found 1 plugins.
Preloading 0 native plugins for Editor in 0.00 ms.
Unloading 1309 Unused Serialized files (Serialized files now loaded: 0)
System memory in use before: 68.2 MB.
System memory in use after: 68.3 MB.

Unloading 14 unused Assets to reduce memory usage. Loaded Objects now: 1753.
Total: 1.757100 ms (FindLiveObjects: 0.131700 ms CreateObjectMapping: 0.049300 ms MarkObjects: 1.515800 ms  DeleteObjects: 0.059100 ms)

========================================================================
Received Import Request.
  path: Assets/Graphics/boss/schwein/schwein_body.png
  artifactKey: Guid(0b7f4b22bfd2fec45b90336519d0ec2b) Importer(815301076,1909f56bfc062723c751e8b465ee728b)
Start importing Assets/Graphics/boss/schwein/schwein_body.png using Guid(0b7f4b22bfd2fec45b90336519d0ec2b) Importer(815301076,1909f56bfc062723c751e8b465ee728b)  -> (artifact id: '34b5ce2e705244905be3eed42b0d518b') in 0.142985 seconds
  Import took 0.145334 seconds .

========================================================================
Received Import Request.
  Time since last request: 25.899220 seconds.
  path: Assets/Animations/Boss/Schwein/Schwein.controller
  artifactKey: Guid(6fdb1b9350056c64eaf77b40741f5f27) Importer(815301076,1909f56bfc062723c751e8b465ee728b)
Start importing Assets/Animations/Boss/Schwein/Schwein.controller using Guid(6fdb1b9350056c64eaf77b40741f5f27) Importer(815301076,1909f56bfc062723c751e8b465ee728b)  -> (artifact id: 'b22e08cf08c25dc608389ea22994ed6c') in 0.042616 seconds
  Import took 0.045170 seconds .

========================================================================
Received Import Request.
  Time since last request: 0.036413 seconds.
  path: Assets/Animations/Boss/Schwein/Schwein.controller
  artifactKey: Guid(6fdb1b9350056c64eaf77b40741f5f27) Importer(815301076,1909f56bfc062723c751e8b465ee728b)
Start importing Assets/Animations/Boss/Schwein/Schwein.controller using Guid(6fdb1b9350056c64eaf77b40741f5f27) Importer(815301076,1909f56bfc062723c751e8b465ee728b)  -> (artifact id: 'b22e08cf08c25dc608389ea22994ed6c') in 0.006772 seconds
  Import took 0.009730 seconds .

========================================================================
Received Import Request.
  Time since last request: 55.419850 seconds.
  path: Assets/Animations/Boss/Schwein/PipeSW/Schwein_PipeSW_Spit.anim
  artifactKey: Guid(848ada0bbd965bc4a8caf41ccfb8880d) Importer(815301076,1909f56bfc062723c751e8b465ee728b)
Start importing Assets/Animations/Boss/Schwein/PipeSW/Schwein_PipeSW_Spit.anim using Guid(848ada0bbd965bc4a8caf41ccfb8880d) Importer(815301076,1909f56bfc062723c751e8b465ee728b)  -> (artifact id: 'ac9d8cbbf934e9d7b673df3de5bc36a9') in 0.021878 seconds
  Import took 0.024457 seconds .

========================================================================
Received Import Request.
  Time since last request: 3.480582 seconds.
  path: Assets/Animations/Boss/Schwein/PipeSW/Schwein_PipeSW_Idle.anim
  artifactKey: Guid(a52827204e54c1a4a9833a56f60811e6) Importer(815301076,1909f56bfc062723c751e8b465ee728b)
Start importing Assets/Animations/Boss/Schwein/PipeSW/Schwein_PipeSW_Idle.anim using Guid(a52827204e54c1a4a9833a56f60811e6) Importer(815301076,1909f56bfc062723c751e8b465ee728b)  -> (artifact id: '6ad38f0ac4c6f4955dd89a2dcd534135') in 0.027217 seconds
  Import took 0.029493 seconds .

========================================================================
Received Import Request.
  Time since last request: 3.273371 seconds.
  path: Assets/Animations/Boss/Schwein/PipeSE/Schwein_PipeSE_Spit.anim
  artifactKey: Guid(3d2436518ace3184489264b6de79a1f0) Importer(815301076,1909f56bfc062723c751e8b465ee728b)
Start importing Assets/Animations/Boss/Schwein/PipeSE/Schwein_PipeSE_Spit.anim using Guid(3d2436518ace3184489264b6de79a1f0) Importer(815301076,1909f56bfc062723c751e8b465ee728b)  -> (artifact id: '849788b4ea44104069744c2b89e7ff13') in 0.033723 seconds
  Import took 0.036020 seconds .

========================================================================
Received Import Request.
  Time since last request: 0.435467 seconds.
  path: Assets/Animations/Boss/Schwein/PipeSE/Schwein_PipeSE_Idle.anim
  artifactKey: Guid(177b2cbb87451ee498b75ea0b750a848) Importer(815301076,1909f56bfc062723c751e8b465ee728b)
Start importing Assets/Animations/Boss/Schwein/PipeSE/Schwein_PipeSE_Idle.anim using Guid(177b2cbb87451ee498b75ea0b750a848) Importer(815301076,1909f56bfc062723c751e8b465ee728b)  -> (artifact id: '93e0ce7176b5393114c0aa15cc0b2df5') in 0.020255 seconds
  Import took 0.022534 seconds .

========================================================================
Received Import Request.
  Time since last request: 0.000336 seconds.
  path: Assets/Animations/Boss/Schwein/PipeSE/Schwein_PipeSE_Idle.anim
  artifactKey: Guid(177b2cbb87451ee498b75ea0b750a848) Importer(815301076,1909f56bfc062723c751e8b465ee728b)
Start importing Assets/Animations/Boss/Schwein/PipeSE/Schwein_PipeSE_Idle.anim using Guid(177b2cbb87451ee498b75ea0b750a848) Importer(815301076,1909f56bfc062723c751e8b465ee728b)  -> (artifact id: '93e0ce7176b5393114c0aa15cc0b2df5') in 0.003001 seconds
  Import took 0.004956 seconds .

========================================================================
Received Import Request.
  Time since last request: 0.736014 seconds.
  path: Assets/Animations/Boss/Schwein/PipeNW/Schwein_PipeNW_Spit.anim
  artifactKey: Guid(2e6bddacc1124684491213aaa2f40b78) Importer(815301076,1909f56bfc062723c751e8b465ee728b)
Start importing Assets/Animations/Boss/Schwein/PipeNW/Schwein_PipeNW_Spit.anim using Guid(2e6bddacc1124684491213aaa2f40b78) Importer(815301076,1909f56bfc062723c751e8b465ee728b)  -> (artifact id: '95cb532f6d1e331f9d23a686d0748194') in 0.030956 seconds
  Import took 0.034271 seconds .

========================================================================
Received Import Request.
  Time since last request: 0.410827 seconds.
  path: Assets/Animations/Boss/Schwein/PipeNW/Schwein_PipeNW_Idle.anim
  artifactKey: Guid(6ce668019aa161e4d94230120062d98c) Importer(815301076,1909f56bfc062723c751e8b465ee728b)
Start importing Assets/Animations/Boss/Schwein/PipeNW/Schwein_PipeNW_Idle.anim using Guid(6ce668019aa161e4d94230120062d98c) Importer(815301076,1909f56bfc062723c751e8b465ee728b)  -> (artifact id: 'e20110cfa0bb132e8de0a5cbe4eabecc') in 0.020778 seconds
  Import took 0.023039 seconds .

========================================================================
Received Import Request.
  Time since last request: 0.003843 seconds.
  path: Assets/Animations/Boss/Schwein/PipeNW/Schwein_PipeNW_Idle.anim
  artifactKey: Guid(6ce668019aa161e4d94230120062d98c) Importer(815301076,1909f56bfc062723c751e8b465ee728b)
Start importing Assets/Animations/Boss/Schwein/PipeNW/Schwein_PipeNW_Idle.anim using Guid(6ce668019aa161e4d94230120062d98c) Importer(815301076,1909f56bfc062723c751e8b465ee728b)  -> (artifact id: 'e20110cfa0bb132e8de0a5cbe4eabecc') in 0.003074 seconds
  Import took 0.005186 seconds .

========================================================================
Received Import Request.
  Time since last request: 0.659077 seconds.
  path: Assets/Animations/Boss/Schwein/Head/Schwein_Mouth_Spit.anim
  artifactKey: Guid(22930ba725100ec458e904b1eae809dd) Importer(815301076,1909f56bfc062723c751e8b465ee728b)
Start importing Assets/Animations/Boss/Schwein/Head/Schwein_Mouth_Spit.anim using Guid(22930ba725100ec458e904b1eae809dd) Importer(815301076,1909f56bfc062723c751e8b465ee728b)  -> (artifact id: '83a7120361670657a7d02680f0b3352a') in 0.019914 seconds
  Import took 0.022249 seconds .

========================================================================
Received Import Request.
  Time since last request: 0.367158 seconds.
  path: Assets/Animations/Boss/Schwein/Head/Schwein_Head_Idle.anim
  artifactKey: Guid(2ec41b14c738946409c97fb6d8304d86) Importer(815301076,1909f56bfc062723c751e8b465ee728b)
Start importing Assets/Animations/Boss/Schwein/Head/Schwein_Head_Idle.anim using Guid(2ec41b14c738946409c97fb6d8304d86) Importer(815301076,1909f56bfc062723c751e8b465ee728b)  -> (artifact id: 'c6f4f40d094e3c397a865d3b44f9c3ae') in 0.021737 seconds
  Import took 0.024030 seconds .

========================================================================
Received Import Request.
  Time since last request: 0.001833 seconds.
  path: Assets/Animations/Boss/Schwein/Head/Schwein_Head_Idle.anim
  artifactKey: Guid(2ec41b14c738946409c97fb6d8304d86) Importer(815301076,1909f56bfc062723c751e8b465ee728b)
Start importing Assets/Animations/Boss/Schwein/Head/Schwein_Head_Idle.anim using Guid(2ec41b14c738946409c97fb6d8304d86) Importer(815301076,1909f56bfc062723c751e8b465ee728b)  -> (artifact id: 'c6f4f40d094e3c397a865d3b44f9c3ae') in 0.003075 seconds
  Import took 0.005162 seconds .

========================================================================
Received Import Request.
  Time since last request: 14.113179 seconds.
  path: Assets/Animations/Boss
  artifactKey: Guid(64cbee8bf3d862a4e96e4266ab336f05) Importer(815301076,1909f56bfc062723c751e8b465ee728b)
Start importing Assets/Animations/Boss using Guid(64cbee8bf3d862a4e96e4266ab336f05) Importer(815301076,1909f56bfc062723c751e8b465ee728b)  -> (artifact id: 'cfdb176cc69e9d51dc919ca89a844a2e') in 0.032440 seconds
  Import took 0.034981 seconds .

========================================================================
Received Import Request.
  Time since last request: 12.367499 seconds.
  path: Assets/Animations/Boss/Schwein/PipeNW 1
  artifactKey: Guid(e2bfbec09dc79d9479ea106f6d3c856e) Importer(815301076,1909f56bfc062723c751e8b465ee728b)
Start importing Assets/Animations/Boss/Schwein/PipeNW 1 using Guid(e2bfbec09dc79d9479ea106f6d3c856e) Importer(815301076,1909f56bfc062723c751e8b465ee728b)  -> (artifact id: 'bb2e56582e5bd33fd38da23efe15b6e4') in 0.033661 seconds
  Import took 0.035886 seconds .

========================================================================
Received Import Request.
  Time since last request: 10.507304 seconds.
  path: Assets/Animations/Boss/Schwein/PipeNE
  artifactKey: Guid(e2bfbec09dc79d9479ea106f6d3c856e) Importer(815301076,1909f56bfc062723c751e8b465ee728b)
Start importing Assets/Animations/Boss/Schwein/PipeNE using Guid(e2bfbec09dc79d9479ea106f6d3c856e) Importer(815301076,1909f56bfc062723c751e8b465ee728b)  -> (artifact id: '3f3780167726f45c9d34a50a3190956b') in 0.032050 seconds
  Import took 0.034251 seconds .

========================================================================
Received Import Request.
  Time since last request: 16.178901 seconds.
  path: Assets/Animations/Boss/Schwein/Mouth
  artifactKey: Guid(a6ad0eda898b4a845bf60142722d86a5) Importer(815301076,1909f56bfc062723c751e8b465ee728b)
Start importing Assets/Animations/Boss/Schwein/Mouth using Guid(a6ad0eda898b4a845bf60142722d86a5) Importer(815301076,1909f56bfc062723c751e8b465ee728b)  -> (artifact id: '3eb419102889864cfc88369092649e46') in 0.032585 seconds
  Import took 0.034815 seconds .

========================================================================
Received Import Request.
  Time since last request: 455.867009 seconds.
  path: Assets/Graphics/boss/schwein/schwein_head2.png
  artifactKey: Guid(7e446094a02f33544a83ea33732909a1) Importer(815301076,1909f56bfc062723c751e8b465ee728b)
Start importing Assets/Graphics/boss/schwein/schwein_head2.png using Guid(7e446094a02f33544a83ea33732909a1) Importer(815301076,1909f56bfc062723c751e8b465ee728b)  -> (artifact id: 'f0a428f335509201de90da83960e6174') in 0.041877 seconds
  Import took 0.044475 seconds .

========================================================================
Received Import Request.
  Time since last request: 8.024183 seconds.
  path: Assets/Graphics/boss/schwein/schwein_body.png
  artifactKey: Guid(0b7f4b22bfd2fec45b90336519d0ec2b) Importer(815301076,1909f56bfc062723c751e8b465ee728b)
Start importing Assets/Graphics/boss/schwein/schwein_body.png using Guid(0b7f4b22bfd2fec45b90336519d0ec2b) Importer(815301076,1909f56bfc062723c751e8b465ee728b)  -> (artifact id: '555e3094023507aee08530121bdaee4f') in 0.062412 seconds
  Import took 0.064743 seconds .

========================================================================
Received Import Request.
  Time since last request: 72.589369 seconds.
  path: Assets/Prefabs/Boss/Schwein.prefab
  artifactKey: Guid(cc9faf6f5211423428bcb2d5479f0a2b) Importer(815301076,1909f56bfc062723c751e8b465ee728b)
Start importing Assets/Prefabs/Boss/Schwein.prefab using Guid(cc9faf6f5211423428bcb2d5479f0a2b) Importer(815301076,1909f56bfc062723c751e8b465ee728b)  -> (artifact id: '584ec3d4c8364da1bacf9f5e40f223c5') in 0.071909 seconds
  Import took 0.074499 seconds .

========================================================================
Received Import Request.
  Time since last request: 30.939394 seconds.
  path: Assets/Graphics/boss/schwein/schwein_head2.png
  artifactKey: Guid(7e446094a02f33544a83ea33732909a1) Importer(815301076,1909f56bfc062723c751e8b465ee728b)
Start importing Assets/Graphics/boss/schwein/schwein_head2.png using Guid(7e446094a02f33544a83ea33732909a1) Importer(815301076,1909f56bfc062723c751e8b465ee728b)  -> (artifact id: 'bdd3bc80444c36e76bc024c644ac134c') in 0.038336 seconds
  Import took 0.040725 seconds .

========================================================================
Received Import Request.
  Time since last request: 1118.429660 seconds.
  path: Assets/Graphics/boss/schwein/schwein_head2.png
  artifactKey: Guid(7e446094a02f33544a83ea33732909a1) Importer(815301076,1909f56bfc062723c751e8b465ee728b)
Start importing Assets/Graphics/boss/schwein/schwein_head2.png using Guid(7e446094a02f33544a83ea33732909a1) Importer(815301076,1909f56bfc062723c751e8b465ee728b)  -> (artifact id: 'aa144984b040c442779b67e4de0a45b2') in 0.041514 seconds
  Import took 0.044111 seconds .

========================================================================
Received Import Request.
  Time since last request: 9.895850 seconds.
  path: Assets/Graphics/boss/schwein/schwein_head.png
  artifactKey: Guid(7e446094a02f33544a83ea33732909a1) Importer(815301076,1909f56bfc062723c751e8b465ee728b)
Start importing Assets/Graphics/boss/schwein/schwein_head.png using Guid(7e446094a02f33544a83ea33732909a1) Importer(815301076,1909f56bfc062723c751e8b465ee728b)  -> (artifact id: 'b145a0af280b1052f35efe14606f1801') in 0.039132 seconds
  Import took 0.041637 seconds .

========================================================================
Received Import Request.
  Time since last request: 205.876635 seconds.
  path: Assets/Graphics/boss/schwein/schwein_head.png
  artifactKey: Guid(7e446094a02f33544a83ea33732909a1) Importer(815301076,1909f56bfc062723c751e8b465ee728b)
Start importing Assets/Graphics/boss/schwein/schwein_head.png using Guid(7e446094a02f33544a83ea33732909a1) Importer(815301076,1909f56bfc062723c751e8b465ee728b)  -> (artifact id: '63b13c25fec53e5d958d41de14d420bb') in 0.038461 seconds
  Import took 0.040871 seconds .

========================================================================
Received Import Request.
  Time since last request: 490.032808 seconds.
  path: Assets/Graphics/boss/schwein/schwein_pipe.png
  artifactKey: Guid(a5b67249320b03148ad3c8a2f8dd3aa2) Importer(815301076,1909f56bfc062723c751e8b465ee728b)
Start importing Assets/Graphics/boss/schwein/schwein_pipe.png using Guid(a5b67249320b03148ad3c8a2f8dd3aa2) Importer(815301076,1909f56bfc062723c751e8b465ee728b)  -> (artifact id: '446b0bc3cbd1473931a5bfbdde861e7c') in 0.040088 seconds
  Import took 0.042670 seconds .

========================================================================
Received Import Request.
  Time since last request: 1052.972681 seconds.
  path: Assets/Graphics/boss/schwein/schwein_pipe.png
  artifactKey: Guid(a5b67249320b03148ad3c8a2f8dd3aa2) Importer(815301076,1909f56bfc062723c751e8b465ee728b)
Start importing Assets/Graphics/boss/schwein/schwein_pipe.png using Guid(a5b67249320b03148ad3c8a2f8dd3aa2) Importer(815301076,1909f56bfc062723c751e8b465ee728b)  -> (artifact id: 'bcf3d199a1de758ce2c375cb43250006') in 0.065585 seconds
  Import took 0.068386 seconds .

========================================================================
Received Import Request.
  Time since last request: 300.261163 seconds.
  path: Assets/Graphics/boss/schwein/schwein_pipe.png
  artifactKey: Guid(a5b67249320b03148ad3c8a2f8dd3aa2) Importer(815301076,1909f56bfc062723c751e8b465ee728b)
Start importing Assets/Graphics/boss/schwein/schwein_pipe.png using Guid(a5b67249320b03148ad3c8a2f8dd3aa2) Importer(815301076,1909f56bfc062723c751e8b465ee728b)  -> (artifact id: 'ab15e520ba0ba71a2236f13517886c65') in 0.038650 seconds
  Import took 0.041239 seconds .

========================================================================
Received Import Request.
  Time since last request: 365.412156 seconds.
  path: Assets/Animations/Boss/Schwein/Pipe
  artifactKey: Guid(d1313951045feb044a0d658535a20a98) Importer(815301076,1909f56bfc062723c751e8b465ee728b)
Start importing Assets/Animations/Boss/Schwein/Pipe using Guid(d1313951045feb044a0d658535a20a98) Importer(815301076,1909f56bfc062723c751e8b465ee728b)  -> (artifact id: '6bd18625ab1fbafb3a5d3673371855aa') in 0.032299 seconds
  Import took 0.034832 seconds .

========================================================================
Received Import Request.
  Time since last request: 24.705496 seconds.
  path: Assets/Prefabs/Boss/Schwein
  artifactKey: Guid(70818314d6290a0479aa0aa870cb2af7) Importer(815301076,1909f56bfc062723c751e8b465ee728b)
Start importing Assets/Prefabs/Boss/Schwein using Guid(70818314d6290a0479aa0aa870cb2af7) Importer(815301076,1909f56bfc062723c751e8b465ee728b)  -> (artifact id: 'ec2b16ba0df7912ab536c85f8dc34e77') in 0.033225 seconds
  Import took 0.035456 seconds .

========================================================================
Received Import Request.
  Time since last request: 11.103559 seconds.
  path: Assets/Prefabs/Boss/Schwein/schwein_pipe.prefab
  artifactKey: Guid(ed894c7b0755680409ccc5ab2e8c8a47) Importer(815301076,1909f56bfc062723c751e8b465ee728b)
Start importing Assets/Prefabs/Boss/Schwein/schwein_pipe.prefab using Guid(ed894c7b0755680409ccc5ab2e8c8a47) Importer(815301076,1909f56bfc062723c751e8b465ee728b)  -> (artifact id: '5d92726b14ac5fa968159d0c9b57352b') in 0.046596 seconds
  Import took 0.049035 seconds .

========================================================================
Received Prepare
Registering precompiled user dll's ...
Registered in 0.001187 seconds.
Begin MonoManager ReloadAssembly
Native extension for WindowsStandalone target not found
Refreshing native plugins compatible for Editor in 0.39 ms, found 1 plugins.
Preloading 0 native plugins for Editor in 0.00 ms.
Invoked RoslynAnalysisRunner static constructor.
RoslynAnalysisRunner will not be running.
RoslynAnalysisRunner has terminated.
Mono: successfully reloaded assembly
- Completed reload, in  0.907 seconds
Platform modules already initialized, skipping
Refreshing native plugins compatible for Editor in 0.39 ms, found 1 plugins.
Preloading 0 native plugins for Editor in 0.00 ms.
Unloading 1301 Unused Serialized files (Serialized files now loaded: 0)
System memory in use before: 71.1 MB.
System memory in use after: 71.2 MB.

Unloading 8 unused Assets to reduce memory usage. Loaded Objects now: 1771.
Total: 1.738900 ms (FindLiveObjects: 0.131700 ms CreateObjectMapping: 0.050700 ms MarkObjects: 1.506400 ms  DeleteObjects: 0.048900 ms)

========================================================================
Received Prepare
Registering precompiled user dll's ...
Registered in 0.001174 seconds.
Begin MonoManager ReloadAssembly
Native extension for WindowsStandalone target not found
Refreshing native plugins compatible for Editor in 0.39 ms, found 1 plugins.
Preloading 0 native plugins for Editor in 0.00 ms.
Invoked RoslynAnalysisRunner static constructor.
RoslynAnalysisRunner will not be running.
RoslynAnalysisRunner has terminated.
Mono: successfully reloaded assembly
- Completed reload, in  0.892 seconds
Platform modules already initialized, skipping
Refreshing native plugins compatible for Editor in 0.40 ms, found 1 plugins.
Preloading 0 native plugins for Editor in 0.00 ms.
Unloading 1301 Unused Serialized files (Serialized files now loaded: 0)
System memory in use before: 71.1 MB.
System memory in use after: 71.2 MB.

Unloading 8 unused Assets to reduce memory usage. Loaded Objects now: 1775.
Total: 1.806200 ms (FindLiveObjects: 0.144000 ms CreateObjectMapping: 0.053200 ms MarkObjects: 1.557800 ms  DeleteObjects: 0.049800 ms)

========================================================================
Received Import Request.
  Time since last request: 1475.751706 seconds.
  path: Assets/Animations/Boss/Schwein/Pipe/schwein_pipe.controller
  artifactKey: Guid(cf9a5c1995f57e44daf5e4c2c3b34c6f) Importer(815301076,1909f56bfc062723c751e8b465ee728b)
Start importing Assets/Animations/Boss/Schwein/Pipe/schwein_pipe.controller using Guid(cf9a5c1995f57e44daf5e4c2c3b34c6f) Importer(815301076,1909f56bfc062723c751e8b465ee728b)  -> (artifact id: '12fa0bb71635a4992a149b6a66ae9f81') in 0.014545 seconds
  Import took 0.017023 seconds .

========================================================================
Received Prepare
Registering precompiled user dll's ...
Registered in 0.001088 seconds.
Begin MonoManager ReloadAssembly
Native extension for WindowsStandalone target not found
Refreshing native plugins compatible for Editor in 0.40 ms, found 1 plugins.
Preloading 0 native plugins for Editor in 0.00 ms.
Invoked RoslynAnalysisRunner static constructor.
RoslynAnalysisRunner will not be running.
RoslynAnalysisRunner has terminated.
Mono: successfully reloaded assembly
- Completed reload, in  0.864 seconds
Platform modules already initialized, skipping
Refreshing native plugins compatible for Editor in 0.39 ms, found 1 plugins.
Preloading 0 native plugins for Editor in 0.00 ms.
Unloading 1301 Unused Serialized files (Serialized files now loaded: 0)
System memory in use before: 71.1 MB.
System memory in use after: 71.2 MB.

Unloading 8 unused Assets to reduce memory usage. Loaded Objects now: 1779.
Total: 1.752300 ms (FindLiveObjects: 0.128100 ms CreateObjectMapping: 0.052500 ms MarkObjects: 1.526200 ms  DeleteObjects: 0.044200 ms)

========================================================================
Received Prepare
Registering precompiled user dll's ...
Registered in 0.001168 seconds.
Begin MonoManager ReloadAssembly
Native extension for WindowsStandalone target not found
Refreshing native plugins compatible for Editor in 0.40 ms, found 1 plugins.
Preloading 0 native plugins for Editor in 0.00 ms.
Invoked RoslynAnalysisRunner static constructor.
RoslynAnalysisRunner will not be running.
RoslynAnalysisRunner has terminated.
Mono: successfully reloaded assembly
- Completed reload, in  0.863 seconds
Platform modules already initialized, skipping
Refreshing native plugins compatible for Editor in 0.41 ms, found 1 plugins.
Preloading 0 native plugins for Editor in 0.00 ms.
Unloading 1301 Unused Serialized files (Serialized files now loaded: 0)
System memory in use before: 71.2 MB.
System memory in use after: 71.3 MB.

Unloading 8 unused Assets to reduce memory usage. Loaded Objects now: 1783.
Total: 2.073900 ms (FindLiveObjects: 0.138800 ms CreateObjectMapping: 0.050500 ms MarkObjects: 1.831900 ms  DeleteObjects: 0.051500 ms)

========================================================================
Received Prepare
Registering precompiled user dll's ...
Registered in 0.001177 seconds.
Begin MonoManager ReloadAssembly
Native extension for WindowsStandalone target not found
Refreshing native plugins compatible for Editor in 0.40 ms, found 1 plugins.
Preloading 0 native plugins for Editor in 0.00 ms.
Invoked RoslynAnalysisRunner static constructor.
RoslynAnalysisRunner will not be running.
RoslynAnalysisRunner has terminated.
Mono: successfully reloaded assembly
- Completed reload, in  0.888 seconds
Platform modules already initialized, skipping
Refreshing native plugins compatible for Editor in 0.42 ms, found 1 plugins.
Preloading 0 native plugins for Editor in 0.00 ms.
Unloading 1301 Unused Serialized files (Serialized files now loaded: 0)
System memory in use before: 71.2 MB.
System memory in use after: 71.3 MB.

Unloading 8 unused Assets to reduce memory usage. Loaded Objects now: 1787.
Total: 1.749600 ms (FindLiveObjects: 0.132300 ms CreateObjectMapping: 0.050100 ms MarkObjects: 1.506200 ms  DeleteObjects: 0.059600 ms)

========================================================================
Received Import Request.
  Time since last request: 313.956025 seconds.
  path: Assets/Animations/Boss/Schwein/Pipe/schwein_pipe.controller
  artifactKey: Guid(cf9a5c1995f57e44daf5e4c2c3b34c6f) Importer(815301076,1909f56bfc062723c751e8b465ee728b)
Start importing Assets/Animations/Boss/Schwein/Pipe/schwein_pipe.controller using Guid(cf9a5c1995f57e44daf5e4c2c3b34c6f) Importer(815301076,1909f56bfc062723c751e8b465ee728b)  -> (artifact id: '959e93f7005cd36d3d62ab51072c79bd') in 0.015604 seconds
  Import took 0.018335 seconds .

========================================================================
Received Import Request.
  Time since last request: 0.001398 seconds.
  path: Assets/Animations/Boss/Schwein/Pipe/schwein_pipe.controller
  artifactKey: Guid(cf9a5c1995f57e44daf5e4c2c3b34c6f) Importer(815301076,1909f56bfc062723c751e8b465ee728b)
Start importing Assets/Animations/Boss/Schwein/Pipe/schwein_pipe.controller using Guid(cf9a5c1995f57e44daf5e4c2c3b34c6f) Importer(815301076,1909f56bfc062723c751e8b465ee728b)  -> (artifact id: '959e93f7005cd36d3d62ab51072c79bd') in 0.004992 seconds
  Import took 0.007136 seconds .

========================================================================
Received Prepare
Registering precompiled user dll's ...
Registered in 0.001181 seconds.
Begin MonoManager ReloadAssembly
Native extension for WindowsStandalone target not found
Refreshing native plugins compatible for Editor in 0.41 ms, found 1 plugins.
Preloading 0 native plugins for Editor in 0.00 ms.
Invoked RoslynAnalysisRunner static constructor.
RoslynAnalysisRunner will not be running.
RoslynAnalysisRunner has terminated.
Mono: successfully reloaded assembly
- Completed reload, in  0.865 seconds
Platform modules already initialized, skipping
Refreshing native plugins compatible for Editor in 0.41 ms, found 1 plugins.
Preloading 0 native plugins for Editor in 0.00 ms.
Unloading 1301 Unused Serialized files (Serialized files now loaded: 0)
System memory in use before: 71.2 MB.
System memory in use after: 71.3 MB.

Unloading 8 unused Assets to reduce memory usage. Loaded Objects now: 1791.
Total: 1.711300 ms (FindLiveObjects: 0.126600 ms CreateObjectMapping: 0.048200 ms MarkObjects: 1.486900 ms  DeleteObjects: 0.048500 ms)

========================================================================
Received Import Request.
  Time since last request: 63.468272 seconds.
  path: Assets/Animations/Boss/Schwein/Mouth/Schwein_Mouth_Spit.anim
  artifactKey: Guid(50dd59929e6aee847acf68403cdc1188) Importer(815301076,1909f56bfc062723c751e8b465ee728b)
Start importing Assets/Animations/Boss/Schwein/Mouth/Schwein_Mouth_Spit.anim using Guid(50dd59929e6aee847acf68403cdc1188) Importer(815301076,1909f56bfc062723c751e8b465ee728b)  -> (artifact id: 'be099eaaed06836b7d896f80499e84a5') in 0.042473 seconds
  Import took 0.044895 seconds .

========================================================================
Received Import Request.
  Time since last request: 4.965901 seconds.
  path: Assets/Animations/Boss/Schwein/Pipe/Schwein_Pipe_spit.anim
  artifactKey: Guid(83a55ce1985f2a1498c0fa393669367c) Importer(815301076,1909f56bfc062723c751e8b465ee728b)
Start importing Assets/Animations/Boss/Schwein/Pipe/Schwein_Pipe_spit.anim using Guid(83a55ce1985f2a1498c0fa393669367c) Importer(815301076,1909f56bfc062723c751e8b465ee728b)  -> (artifact id: '79781ca05ab2775a5a24fc383c3c78f2') in 0.034380 seconds
  Import took 0.036728 seconds .

========================================================================
Received Import Request.
  Time since last request: 3.414815 seconds.
  path: Assets/Animations/Boss/Schwein/Pipe/Schwein_Pipe_idle.anim
  artifactKey: Guid(137dbdbd6ed47284e8b1d20374a2fb52) Importer(815301076,1909f56bfc062723c751e8b465ee728b)
Start importing Assets/Animations/Boss/Schwein/Pipe/Schwein_Pipe_idle.anim using Guid(137dbdbd6ed47284e8b1d20374a2fb52) Importer(815301076,1909f56bfc062723c751e8b465ee728b)  -> (artifact id: '49c01172a619082898a981f6eb73b527') in 0.033786 seconds
  Import took 0.036077 seconds .

========================================================================
Received Import Request.
  Time since last request: 2.967940 seconds.
  path: Assets/Animations/Boss/Schwein/Mouth/Schwein_Mouth_Idle.anim
  artifactKey: Guid(75262b096701a754da32d69b49dda123) Importer(815301076,1909f56bfc062723c751e8b465ee728b)
Start importing Assets/Animations/Boss/Schwein/Mouth/Schwein_Mouth_Idle.anim using Guid(75262b096701a754da32d69b49dda123) Importer(815301076,1909f56bfc062723c751e8b465ee728b)  -> (artifact id: 'a73dcf7e29d04742f2de29b6b9b7ad0a') in 0.034995 seconds
  Import took 0.037398 seconds .

========================================================================
Received Import Request.
  Time since last request: 0.000828 seconds.
  path: Assets/Animations/Boss/Schwein/Mouth/Schwein_Mouth_Idle.anim
  artifactKey: Guid(75262b096701a754da32d69b49dda123) Importer(815301076,1909f56bfc062723c751e8b465ee728b)
Start importing Assets/Animations/Boss/Schwein/Mouth/Schwein_Mouth_Idle.anim using Guid(75262b096701a754da32d69b49dda123) Importer(815301076,1909f56bfc062723c751e8b465ee728b)  -> (artifact id: 'a73dcf7e29d04742f2de29b6b9b7ad0a') in 0.003337 seconds
  Import took 0.005377 seconds .

AssetImportWorkerClient::OnTransportError - code=2 error=End of file
